This is e-TeX, Version 3.141592-2.2 (MiKTeX 2.4) (preloaded format=latex 2006.7.6)  17 DEC 2006 00:34
entering extended mode
**EasyBMP_UserManual.tex
(EasyBMP_UserManual.tex
LaTeX2e <2005/12/01>
Babel <v3.8g> and hyphenation patterns for english, dumylang, nohyphenation, ge
rman, ngerman, french, loaded.
(C:\texmf\tex\latex\base\article.cls
Document Class: article 2005/09/16 v1.4f Standard LaTeX document class
(C:\texmf\tex\latex\base\size12.clo
File: size12.clo 2005/09/16 v1.4f Standard LaTeX file (size option)
)
\c@part=\count79
\c@section=\count80
\c@subsection=\count81
\c@subsubsection=\count82
\c@paragraph=\count83
\c@subparagraph=\count84
\c@figure=\count85
\c@table=\count86
\abovecaptionskip=\skip41
\belowcaptionskip=\skip42
\bibindent=\dimen102
) (C:\texmf\tex\latex\fancyhdr\fancyhdr.sty
\fancy@headwidth=\skip43
\f@ncyO@elh=\skip44
\f@ncyO@erh=\skip45
\f@ncyO@olh=\skip46
\f@ncyO@orh=\skip47
\f@ncyO@elf=\skip48
\f@ncyO@erf=\skip49
\f@ncyO@olf=\skip50
\f@ncyO@orf=\skip51
) (C:\texmf\tex\latex\graphics\color.sty
Package: color 2005/11/14 v1.0j Standard LaTeX Color (DPC)
 (C:\texmf\tex\latex\00miktex\color.cfg
File: color.cfg 2005/12/29 v1.1 MiKTeX 'color' configuration
)
Package color Info: Driver file: dvips.def on input line 130.
 (C:\texmf\tex\latex\graphics\dvips.def
File: dvips.def 1999/02/16 v3.0i Driver-dependant file (DPC,SPQR)
)
(C:\texmf\tex\latex\graphics\dvipsnam.def
File: dvipsnam.def 1999/02/16 v3.0i Driver-dependant file (DPC,SPQR)
)) (rgb.tex
Package color Info: Redefining color black on input line 282.
Package color Info: Redefining color blue on input line 289.
Package color Info: Redefining color cyan on input line 326.
Package color Info: Redefining color darkslate on input line 342.
Package color Info: Redefining color darkslate on input line 343.
Package color Info: Redefining color green on input line 477.
Package color Info: Redefining color lightgoldenrod on input line 605.
Package color Info: Redefining color lightslate on input line 614.
Package color Info: Redefining color lightslate on input line 615.
Package color Info: Redefining color magenta on input line 624.
Package color Info: Redefining color red on input line 686.
Package color Info: Redefining color white on input line 746.
Package color Info: Redefining color yellow on input line 752.
) (EasyBMP_UserManual.aux)
LaTeX Font Info:    Checking defaults for OML/cmm/m/it on input line 20.
LaTeX Font Info:    ... okay on input line 20.
LaTeX Font Info:    Checking defaults for T1/cmr/m/n on input line 20.
LaTeX Font Info:    ... okay on input line 20.
LaTeX Font Info:    Checking defaults for OT1/cmr/m/n on input line 20.
LaTeX Font Info:    ... okay on input line 20.
LaTeX Font Info:    Checking defaults for OMS/cmsy/m/n on input line 20.
LaTeX Font Info:    ... okay on input line 20.
LaTeX Font Info:    Checking defaults for OMX/cmex/m/n on input line 20.
LaTeX Font Info:    ... okay on input line 20.
LaTeX Font Info:    Checking defaults for U/cmr/m/n on input line 20.
LaTeX Font Info:    ... okay on input line 20.
LaTeX Font Info:    Font shape `OT1/cmtt/bx/n' in size <20.74> not available
(Font)              Font shape `OT1/cmtt/m/n' tried instead on input line 33.
LaTeX Font Info:    External font `cmex10' loaded for size
(Font)              <14.4> on input line 33.
LaTeX Font Info:    External font `cmex10' loaded for size
(Font)              <7> on input line 33.
LaTeX Font Info:    Font shape `OT1/cmtt/bx/n' in size <10.95> not available
(Font)              Font shape `OT1/cmtt/m/n' tried instead on input line 37.

Underfull \hbox (badness 10000) in paragraph at lines 35--48

 []

(EasyBMP_UserManual.toc
LaTeX Font Info:    External font `cmex10' loaded for size
(Font)              <10.95> on input line 2.
LaTeX Font Info:    External font `cmex10' loaded for size
(Font)              <8> on input line 2.
LaTeX Font Info:    External font `cmex10' loaded for size
(Font)              <6> on input line 2.
LaTeX Font Info:    Font shape `OT1/cmtt/bx/n' in size <12> not available
(Font)              Font shape `OT1/cmtt/m/n' tried instead on input line 13.


Package Fancyhdr Warning: \headheight is too small (12.0pt): 
 Make it at least 14.49998pt.
 We now make it that large for the rest of the document.
 This may cause the page layout to be inconsistent, however.

[1

])
\tf@toc=\write3

Underfull \hbox (badness 10000) in paragraph at lines 63--67

 []


Underfull \hbox (badness 10000) in paragraph at lines 80--87

 []

[2]
LaTeX Font Info:    Font shape `OT1/cmtt/bx/n' in size <17.28> not available
(Font)              Font shape `OT1/cmtt/m/n' tried instead on input line 94.

Underfull \hbox (badness 10000) in paragraph at lines 95--101

 []

[3]
Underfull \hbox (badness 10000) in paragraph at lines 176--177

 []

[4]
Underfull \hbox (badness 10000) in paragraph at lines 240--241

 []


Underfull \hbox (badness 10000) in paragraph at lines 269--274

 []


Underfull \hbox (badness 10000) in paragraph at lines 275--286

 []

[5]
Underfull \hbox (badness 10000) in paragraph at lines 287--293

 []


Underfull \hbox (badness 10000) in paragraph at lines 294--301

 []


Underfull \hbox (badness 10000) in paragraph at lines 302--307

 []

LaTeX Font Info:    External font `cmex10' loaded for size
(Font)              <12> on input line 339.
[6]
Underfull \hbox (badness 10000) in paragraph at lines 351--351

 []


Underfull \hbox (badness 10000) in paragraph at lines 368--368

 []


Underfull \hbox (badness 10000) in paragraph at lines 378--378

 []


Underfull \hbox (badness 10000) in paragraph at lines 385--385

 []


Underfull \hbox (badness 10000) in paragraph at lines 387--390

 []


Underfull \hbox (badness 10000) in paragraph at lines 400--400

 []

[7]
Underfull \hbox (badness 10000) in paragraph at lines 402--404

 []


Underfull \hbox (badness 10000) in paragraph at lines 419--419

 []


Overfull \hbox (47.06592pt too wide) in paragraph at lines 421--423
[]\OT1/cmr/m/n/10.95 You can also ac-cess pix-els us-ing \OT1/cmtt/m/n/10.95 RG
BApixel GetPixel(int,int) \OT1/cmr/m/n/10.95 and \OT1/cmtt/m/n/10.95 bool SetPi
xel(int,int,RGBApixel)\OT1/cmr/m/n/10.95 : 
 []


Underfull \hbox (badness 10000) in paragraph at lines 435--435

 []


Underfull \hbox (badness 10000) in paragraph at lines 442--442

 []

[8]
Underfull \hbox (badness 10000) in paragraph at lines 468--468

 []


Underfull \hbox (badness 10000) in paragraph at lines 482--482

 []

[9]
Underfull \hbox (badness 10000) in paragraph at lines 490--490

 []


Underfull \hbox (badness 10000) in paragraph at lines 491--492

 []


Overfull \hbox (13.97366pt too wide) in paragraph at lines 493--497
[]\OT1/cmr/m/n/10.95 If you want to mod-ify a color ta-ble for a \OT1/cmtt/m/n/
10.95 BMP \OT1/cmr/m/n/10.95 file, you can do so by us-ing the \OT1/cmtt/m/n/10
.95 SetColor(int,RGBApixel)
 []

LaTeX Font Info:    Try loading font information for OMS+cmtt on input line 518
.
LaTeX Font Info:    No file OMScmtt.fd. on input line 518.

LaTeX Font Warning: Font shape `OMS/cmtt/m/n' undefined
(Font)              using `OMS/cmsy/m/n' instead
(Font)              for symbol `textbraceleft' on input line 518.


Underfull \hbox (badness 10000) in paragraph at lines 518--518

 []


Underfull \hbox (badness 10000) in paragraph at lines 524--524

 []


Underfull \hbox (badness 10000) in paragraph at lines 527--534

 []

[10]
Underfull \hbox (badness 10000) in paragraph at lines 541--541

 []


Underfull \hbox (badness 10000) in paragraph at lines 546--546

 []


Underfull \hbox (badness 10000) in paragraph at lines 578--578

 []


Underfull \hbox (badness 10000) in paragraph at lines 578--578

 []


Underfull \hbox (badness 10000) in paragraph at lines 578--578

 []


Underfull \hbox (badness 10000) in paragraph at lines 578--578

 []

[11]
Underfull \hbox (badness 10000) in paragraph at lines 588--591

 []


Underfull \hbox (badness 10000) in paragraph at lines 651--651

 []

[12]
Underfull \hbox (badness 10000) in paragraph at lines 725--725

 []


Underfull \hbox (badness 10000) in paragraph at lines 725--725

 []


Underfull \hbox (badness 10000) in paragraph at lines 725--725

 []


Underfull \hbox (badness 10000) in paragraph at lines 725--725

 []

[13]
Underfull \hbox (badness 10000) in paragraph at lines 761--761

 []


Underfull \hbox (badness 10000) in paragraph at lines 763--769

 []


Underfull \hbox (badness 10000) in paragraph at lines 770--773

 []


Underfull \hbox (badness 10000) in paragraph at lines 796--803

 []

[14]
Underfull \hbox (badness 10000) in paragraph at lines 826--829

 []

[15]
Underfull \hbox (badness 10000) in paragraph at lines 974--974

 []

[16] [17] (EasyBMP_UserManual.aux)

LaTeX Font Warning: Some font shapes were not available, defaults substituted.

 ) 
Here is how much of TeX's memory you used:
 1461 strings out of 95889
 19893 string characters out of 1195258
 69837 words of memory out of 1068418
 4521 multiletter control sequences out of 60000
 11529 words of font info for 42 fonts, out of 1000000 for 2000
 14 hyphenation exceptions out of 4999
 35i,11n,43p,292b,389s stack positions out of 5000i,500n,10000p,200000b,32768s

Output written on EasyBMP_UserManual.dvi (17 pages, 66024 bytes).
